base matrix size is ( 10 ,  6 )

matrix size is ( 10 ,  6 )

naive and CPU results match!
optimized-1 and CPU results match!
optimized-2 and CPU results match!
matrix size is ( 10 ,  6 )

naive and CPU results match!
optimized-1 and CPU results match!
optimized-2 and CPU results match!
matrix size is ( 10 ,  6 )

naive and CPU results match!
optimized-1 and CPU results match!
optimized-2 and CPU results match!
matrix size is ( 10 ,  6 )

naive and CPU results match!
optimized-1 and CPU results match!
optimized-2 and CPU results match!
matrix size is ( 10 ,  6 )

naive and CPU results match!
optimized-1 and CPU results match!
optimized-2 and CPU results match!
matrix size is ( 20 ,  12 )

naive and CPU results match!
optimized-1 and CPU results match!
optimized-2 and CPU results match!
matrix size is ( 20 ,  12 )

naive and CPU results match!
optimized-1 and CPU results match!
optimized-2 and CPU results match!
matrix size is ( 20 ,  12 )

naive and CPU results match!
optimized-1 and CPU results match!
optimized-2 and CPU results match!
matrix size is ( 20 ,  12 )

naive and CPU results match!
optimized-1 and CPU results match!
optimized-2 and CPU results match!
matrix size is ( 20 ,  12 )

naive and CPU results match!
optimized-1 and CPU results match!
optimized-2 and CPU results match!
matrix size is ( 40 ,  24 )

naive and CPU results match!
optimized-1 and CPU results match!
optimized-2 and CPU results match!
matrix size is ( 40 ,  24 )

naive and CPU results match!
optimized-1 and CPU results match!
optimized-2 and CPU results match!
matrix size is ( 40 ,  24 )

naive and CPU results match!
optimized-1 and CPU results match!
optimized-2 and CPU results match!
matrix size is ( 40 ,  24 )

naive and CPU results match!
optimized-1 and CPU results match!
optimized-2 and CPU results match!
matrix size is ( 40 ,  24 )

naive and CPU results match!
optimized-1 and CPU results match!
optimized-2 and CPU results match!
matrix size is ( 80 ,  48 )

naive and CPU results match!
optimized-1 and CPU results match!
optimized-2 and CPU results match!
matrix size is ( 80 ,  48 )

naive and CPU results match!
optimized-1 and CPU results match!
optimized-2 and CPU results match!
matrix size is ( 80 ,  48 )

naive and CPU results match!
optimized-1 and CPU results match!
optimized-2 and CPU results match!
matrix size is ( 80 ,  48 )

naive and CPU results match!
optimized-1 and CPU results match!
optimized-2 and CPU results match!
matrix size is ( 80 ,  48 )

naive and CPU results match!
optimized-1 and CPU results match!
optimized-2 and CPU results match!
matrix size is ( 160 ,  96 )

naive and CPU results match!
optimized-1 and CPU results match!
optimized-2 and CPU results match!
matrix size is ( 160 ,  96 )

naive and CPU results match!
optimized-1 and CPU results match!
optimized-2 and CPU results match!
matrix size is ( 160 ,  96 )

naive and CPU results match!
optimized-1 and CPU results match!
optimized-2 and CPU results match!
matrix size is ( 160 ,  96 )

naive and CPU results match!
optimized-1 and CPU results match!
optimized-2 and CPU results match!
matrix size is ( 160 ,  96 )

naive and CPU results match!
optimized-1 and CPU results match!
optimized-2 and CPU results match!
matrix size is ( 320 ,  192 )

naive and CPU results match!
optimized-1 and CPU results match!
optimized-2 and CPU results match!
matrix size is ( 320 ,  192 )

naive and CPU results match!
optimized-1 and CPU results match!
optimized-2 and CPU results match!
matrix size is ( 320 ,  192 )

naive and CPU results match!
optimized-1 and CPU results match!
optimized-2 and CPU results match!
matrix size is ( 320 ,  192 )

naive and CPU results match!
optimized-1 and CPU results match!
optimized-2 and CPU results match!
matrix size is ( 320 ,  192 )

naive and CPU results match!
optimized-1 and CPU results match!
optimized-2 and CPU results match!
matrix size is ( 640 ,  384 )

naive and CPU results match!
optimized-1 and CPU results match!
optimized-2 and CPU results match!
matrix size is ( 640 ,  384 )

naive and CPU results match!
optimized-1 and CPU results match!
optimized-2 and CPU results match!
matrix size is ( 640 ,  384 )

naive and CPU results match!
optimized-1 and CPU results match!
optimized-2 and CPU results match!
matrix size is ( 640 ,  384 )

naive and CPU results match!
optimized-1 and CPU results match!
optimized-2 and CPU results match!
matrix size is ( 640 ,  384 )

naive and CPU results match!
optimized-1 and CPU results match!
optimized-2 and CPU results match!
matrix size is ( 1280 ,  768 )

naive and CPU results match!
optimized-1 and CPU results match!
optimized-2 and CPU results match!
matrix size is ( 1280 ,  768 )

naive and CPU results match!
optimized-1 and CPU results match!
optimized-2 and CPU results match!
matrix size is ( 1280 ,  768 )

naive and CPU results match!
optimized-1 and CPU results match!
optimized-2 and CPU results match!
matrix size is ( 1280 ,  768 )

naive and CPU results match!
optimized-1 and CPU results match!
optimized-2 and CPU results match!
matrix size is ( 1280 ,  768 )

naive and CPU results match!
optimized-1 and CPU results match!
optimized-2 and CPU results match!
matrix size is ( 2560 ,  1536 )

naive and CPU results match!
optimized-1 and CPU results match!
optimized-2 and CPU results match!
matrix size is ( 2560 ,  1536 )

naive and CPU results match!
optimized-1 and CPU results match!
optimized-2 and CPU results match!
matrix size is ( 2560 ,  1536 )

naive and CPU results match!
optimized-1 and CPU results match!
optimized-2 and CPU results match!
matrix size is ( 2560 ,  1536 )

naive and CPU results match!
optimized-1 and CPU results match!
optimized-2 and CPU results match!
matrix size is ( 2560 ,  1536 )

naive and CPU results match!
optimized-1 and CPU results match!
optimized-2 and CPU results match!
matrix size is ( 5120 ,  3072 )

naive and CPU results match!
optimized-1 and CPU results match!
optimized-2 and CPU results match!
matrix size is ( 5120 ,  3072 )

naive and CPU results match!
optimized-1 and CPU results match!
optimized-2 and CPU results match!
matrix size is ( 5120 ,  3072 )

naive and CPU results match!
optimized-1 and CPU results match!
optimized-2 and CPU results match!
matrix size is ( 5120 ,  3072 )

naive and CPU results match!
optimized-1 and CPU results match!
optimized-2 and CPU results match!
matrix size is ( 5120 ,  3072 )

naive and CPU results match!
optimized-1 and CPU results match!
optimized-2 and CPU results match!
matrix size is ( 10240 ,  6144 )

naive and CPU results match!
optimized-1 and CPU results match!
optimized-2 and CPU results match!
matrix size is ( 10240 ,  6144 )

naive and CPU results match!
optimized-1 and CPU results match!
optimized-2 and CPU results match!
matrix size is ( 10240 ,  6144 )

naive and CPU results match!
optimized-1 and CPU results match!
optimized-2 and CPU results match!
matrix size is ( 10240 ,  6144 )

naive and CPU results match!
optimized-1 and CPU results match!
optimized-2 and CPU results match!
matrix size is ( 10240 ,  6144 )

naive and CPU results match!
optimized-1 and CPU results match!
optimized-2 and CPU results match!
[1, 2, 4, 8, 16, 32, 64, 128, 256, 512, 1024]
